<?xml version="1.0" encoding="UTF-8"?>
<testsuite xmlns:xsi="http://www.w3.org/2001/XMLSchema-instance" xsi:noNamespaceSchemaLocation="https://maven.apache.org/surefire/maven-surefire-plugin/xsd/surefire-test-report.xsd" version="3.0.1" name="TestSuite" time="30.191" tests="6" errors="0" skipped="0" failures="0">
  <properties>
[...]
</properties>
  <testcase name="runScenario[&quot;Opening Home page&quot;, &quot;TechFynder HomePage&quot;](1)" classname="RunnerFile.TestRunnerfile" time="6.788">
    <system-out><![CDATA[
@HomePage @HomePage
Scenario Outline: Opening Home page                         # src/test/resources/com/project/auto/Features/Homepage.feature:10
  Given User launch the "CHROME" browser                    # HopePage.steps.HomepageStepDef.launchBrowser(java.lang.String)
  When User enters techFynder URL for specified environment # HopePage.steps.HomepageStepDef.openURL()
  Then Checking the Jobseeker option                        # HopePage.steps.HomepageStepDef.is_JobSeeker_Displayed()
]]></system-out>
    <system-err><![CDATA[SLF4J(W): No SLF4J providers were found.
SLF4J(W): Defaulting to no-operation (NOP) logger implementation
SLF4J(W): See https://www.slf4j.org/codes.html#noProviders for further details.
Aug 28, 2025 4:08:20 PM org.openqa.selenium.devtools.CdpVersionFinder findNearestMatch
WARNING: Unable to find CDP implementation matching 139
Aug 28, 2025 4:08:20 PM org.openqa.selenium.chromium.ChromiumDriver lambda$new$5
WARNING: Unable to find version of CDP to use for 139.0.7258.139. You may need to include a dependency on a specific version of the CDP using something similar to `org.seleniumhq.selenium:selenium-devtools-v86:4.23.0` where the version ("v86") matches the version of the chromium-based browser you're using and the version number of the artifact is the same as Selenium's.
]]></system-err>
  </testcase>
  <testcase name="runScenario[&quot;Checking TalentFynder option&quot;, &quot;TechFynder HomePage&quot;](2)" classname="RunnerFile.TestRunnerfile" time="4.174">
    <system-out><![CDATA[
@HomePage @HomePage
Scenario Outline: Checking TalentFynder option              # src/test/resources/com/project/auto/Features/Homepage.feature:19
  Given User launch the "CHROME" browser                    # HopePage.steps.HomepageStepDef.launchBrowser(java.lang.String)
  When User enters techFynder URL for specified environment # HopePage.steps.HomepageStepDef.openURL()
  Then Checking the TalentFynder option                     # HopePage.steps.HomepageStepDef.is_TalentFynder_Displayed()
]]></system-out>
    <system-err><![CDATA[Aug 28, 2025 4:08:27 PM org.openqa.selenium.devtools.CdpVersionFinder findNearestMatch
WARNING: Unable to find CDP implementation matching 139
Aug 28, 2025 4:08:27 PM org.openqa.selenium.chromium.ChromiumDriver lambda$new$5
WARNING: Unable to find version of CDP to use for 139.0.7258.139. You may need to include a dependency on a specific version of the CDP using something similar to `org.seleniumhq.selenium:selenium-devtools-v86:4.23.0` where the version ("v86") matches the version of the chromium-based browser you're using and the version number of the artifact is the same as Selenium's.
]]></system-err>
  </testcase>
  <testcase name="runScenario[&quot;Checking IntershipFynder option&quot;, &quot;TechFynder HomePage&quot;](3)" classname="RunnerFile.TestRunnerfile" time="4.408">
    <system-out><![CDATA[
@HomePage
Scenario Outline: Checking IntershipFynder option           # src/test/resources/com/project/auto/Features/Homepage.feature:28
  Given User launch the "CHROME" browser                    # HopePage.steps.HomepageStepDef.launchBrowser(java.lang.String)
  When User enters techFynder URL for specified environment # HopePage.steps.HomepageStepDef.openURL()
  Then Checking the IntershipFynder option                  # HopePage.steps.HomepageStepDef.is_IntershipFynder_Displayed()
]]></system-out>
    <system-err><![CDATA[Aug 28, 2025 4:08:31 PM org.openqa.selenium.devtools.CdpVersionFinder findNearestMatch
WARNING: Unable to find CDP implementation matching 139
Aug 28, 2025 4:08:31 PM org.openqa.selenium.chromium.ChromiumDriver lambda$new$5
WARNING: Unable to find version of CDP to use for 139.0.7258.139. You may need to include a dependency on a specific version of the CDP using something similar to `org.seleniumhq.selenium:selenium-devtools-v86:4.23.0` where the version ("v86") matches the version of the chromium-based browser you're using and the version number of the artifact is the same as Selenium's.
]]></system-err>
  </testcase>
  <testcase name="runScenario[&quot;Checking StudyFynder option&quot;, &quot;TechFynder HomePage&quot;](4)" classname="RunnerFile.TestRunnerfile" time="2.828">
    <system-out><![CDATA[
@HomePage
Scenario Outline: Checking StudyFynder option               # src/test/resources/com/project/auto/Features/Homepage.feature:36
  Given User launch the "CHROME" browser                    # HopePage.steps.HomepageStepDef.launchBrowser(java.lang.String)
  When User enters techFynder URL for specified environment # HopePage.steps.HomepageStepDef.openURL()
  Then Checking the StudyFynder option                      # HopePage.steps.HomepageStepDef.is_StudyFynder_Displayed()
]]></system-out>
    <system-err><![CDATA[Aug 28, 2025 4:08:35 PM org.openqa.selenium.devtools.CdpVersionFinder findNearestMatch
WARNING: Unable to find CDP implementation matching 139
Aug 28, 2025 4:08:35 PM org.openqa.selenium.chromium.ChromiumDriver lambda$new$5
WARNING: Unable to find version of CDP to use for 139.0.7258.139. You may need to include a dependency on a specific version of the CDP using something similar to `org.seleniumhq.selenium:selenium-devtools-v86:4.23.0` where the version ("v86") matches the version of the chromium-based browser you're using and the version number of the artifact is the same as Selenium's.
]]></system-err>
  </testcase>
  <testcase name="runScenario[&quot;Checking SkillFynder option&quot;, &quot;TechFynder HomePage&quot;](5)" classname="RunnerFile.TestRunnerfile" time="2.974">
    <system-out><![CDATA[
@HomePage
Scenario Outline: Checking SkillFynder option               # src/test/resources/com/project/auto/Features/Homepage.feature:44
  Given User launch the "CHROME" browser                    # HopePage.steps.HomepageStepDef.launchBrowser(java.lang.String)
  When User enters techFynder URL for specified environment # HopePage.steps.HomepageStepDef.openURL()
  Then Checking the SkillFynder option                      # HopePage.steps.HomepageStepDef.is_SkillFynder_Displayed()
]]></system-out>
    <system-err><![CDATA[Aug 28, 2025 4:08:38 PM org.openqa.selenium.devtools.CdpVersionFinder findNearestMatch
WARNING: Unable to find CDP implementation matching 139
Aug 28, 2025 4:08:38 PM org.openqa.selenium.chromium.ChromiumDriver lambda$new$5
WARNING: Unable to find version of CDP to use for 139.0.7258.139. You may need to include a dependency on a specific version of the CDP using something similar to `org.seleniumhq.selenium:selenium-devtools-v86:4.23.0` where the version ("v86") matches the version of the chromium-based browser you're using and the version number of the artifact is the same as Selenium's.
]]></system-err>
  </testcase>
  <testcase name="runScenario[&quot;Checking SkillFynder option&quot;, &quot;TechFynder HomePage&quot;](6)" classname="RunnerFile.TestRunnerfile" time="8.265">
    <system-out><![CDATA[
@HomePage
Scenario Outline: Checking SkillFynder option               # src/test/resources/com/project/auto/Features/Homepage.feature:62
  Given User launch the "chrome" browser                    # HopePage.steps.HomepageStepDef.launchBrowser(java.lang.String)
  When User enters techFynder URL for specified environment # HopePage.steps.HomepageStepDef.openURL()
  Then Checking the Jobseeker option                        # HopePage.steps.HomepageStepDef.is_JobSeeker_Displayed()
  Given the user clicks on JobFynder                        # HopePage.steps.JobSeekerRegistration.the_user_clicks_on_jobfynder()
  Then the for JobSeeker option should be visible           # HopePage.steps.JobSeekerRegistration.the_jobseeker_option_should_be_visible()
  And the user clicks on JobSeeker                          # HopePage.steps.JobSeekerRegistration.the_user_clicks_on_jobseeker()
  Then the Register option should be visible                # HopePage.steps.JobSeekerRegistration.the_register_option_should_be_visible()
  And the user clicks on Register                           # HopePage.steps.JobSeekerRegistration.the_user_clicks_on_register()
]]></system-out>
    <system-err><![CDATA[Aug 28, 2025 4:08:41 PM org.openqa.selenium.devtools.CdpVersionFinder findNearestMatch
WARNING: Unable to find CDP implementation matching 139
Aug 28, 2025 4:08:41 PM org.openqa.selenium.chromium.ChromiumDriver lambda$new$5
WARNING: Unable to find version of CDP to use for 139.0.7258.139. You may need to include a dependency on a specific version of the CDP using something similar to `org.seleniumhq.selenium:selenium-devtools-v86:4.23.0` where the version ("v86") matches the version of the chromium-based browser you're using and the version number of the artifact is the same as Selenium's.
]]></system-err>
  </testcase>
</testsuite>