<?xml version="1.0" encoding="UTF-8"?>
<testng-results ignored="0" total="6" passed="6" failed="0" skipped="0">
  <reporter-output>
  </reporter-output>
  <suite started-at="2025-08-28T16:08:19 IST" name="Suite" finished-at="2025-08-28T16:08:49 IST" duration-ms="29868">
    <groups>
      <group name="cucumber">
        <method signature="AbstractTestNGCucumberTests.runScenario(io.cucumber.testng.PickleWrapper,io.cucumber.testng.FeatureWrapper)[pri:0, instance:RunnerFile.TestRunnerfile@4802796d]" name="runScenario" class="io.cucumber.testng.AbstractTestNGCucumberTests"/>
      </group> <!-- cucumber -->
    </groups>
    <test started-at="2025-08-28T16:08:19 IST" name="Test" finished-at="2025-08-28T16:08:49 IST" duration-ms="29868">
      <class name="RunnerFile.TestRunnerfile">
        <test-method is-config="true" signature="setUpClass(org.testng.ITestContext)[pri:0, instance:RunnerFile.TestRunnerfile@4802796d]" started-at="2025-08-28T16:08:19 IST" name="setUpClass" finished-at="2025-08-28T16:08:19 IST" duration-ms="352" status="PASS">
          <params>
            <param index="0">
              <value>
                <![CDATA[org.testng.TestRunner@6518fdfd]]>
              </value>
            </param>
          </params>
          <reporter-output>
          </reporter-output>
        </test-method> <!-- setUpClass -->
        <test-method signature="runScenario(io.cucumber.testng.PickleWrapper,io.cucumber.testng.FeatureWrapper)[pri:0, instance:RunnerFile.TestRunnerfile@4802796d]" started-at="2025-08-28T16:08:19 IST" name="runScenario" description="Runs Cucumber Scenarios" data-provider="scenarios" finished-at="2025-08-28T16:08:26 IST" duration-ms="6788" status="PASS">
          <params>
            <param index="0">
              <value>
                <![CDATA["Opening Home page"]]>
              </value>
            </param>
            <param index="1">
              <value>
                <![CDATA["TechFynder HomePage"]]>
              </value>
            </param>
          </params>
          <reporter-output>
          </reporter-output>
        </test-method> <!-- runScenario -->
        <test-method signature="runScenario(io.cucumber.testng.PickleWrapper,io.cucumber.testng.FeatureWrapper)[pri:0, instance:RunnerFile.TestRunnerfile@4802796d]" started-at="2025-08-28T16:08:26 IST" name="runScenario" description="Runs Cucumber Scenarios" data-provider="scenarios" finished-at="2025-08-28T16:08:30 IST" duration-ms="4175" status="PASS">
          <params>
            <param index="0">
              <value>
                <![CDATA["Checking TalentFynder option"]]>
              </value>
            </param>
            <param index="1">
              <value>
                <![CDATA["TechFynder HomePage"]]>
              </value>
            </param>
          </params>
          <reporter-output>
          </reporter-output>
        </test-method> <!-- runScenario -->
        <test-method signature="runScenario(io.cucumber.testng.PickleWrapper,io.cucumber.testng.FeatureWrapper)[pri:0, instance:RunnerFile.TestRunnerfile@4802796d]" started-at="2025-08-28T16:08:30 IST" name="runScenario" description="Runs Cucumber Scenarios" data-provider="scenarios" finished-at="2025-08-28T16:08:35 IST" duration-ms="4409" status="PASS">
          <params>
            <param index="0">
              <value>
                <![CDATA["Checking IntershipFynder option"]]>
              </value>
            </param>
            <param index="1">
              <value>
                <![CDATA["TechFynder HomePage"]]>
              </value>
            </param>
          </params>
          <reporter-output>
          </reporter-output>
        </test-method> <!-- runScenario -->
        <test-method signature="runScenario(io.cucumber.testng.PickleWrapper,io.cucumber.testng.FeatureWrapper)[pri:0, instance:RunnerFile.TestRunnerfile@4802796d]" started-at="2025-08-28T16:08:35 IST" name="runScenario" description="Runs Cucumber Scenarios" data-provider="scenarios" finished-at="2025-08-28T16:08:37 IST" duration-ms="2828" status="PASS">
          <params>
            <param index="0">
              <value>
                <![CDATA["Checking StudyFynder option"]]>
              </value>
            </param>
            <param index="1">
              <value>
                <![CDATA["TechFynder HomePage"]]>
              </value>
            </param>
          </params>
          <reporter-output>
          </reporter-output>
        </test-method> <!-- runScenario -->
        <test-method signature="runScenario(io.cucumber.testng.PickleWrapper,io.cucumber.testng.FeatureWrapper)[pri:0, instance:RunnerFile.TestRunnerfile@4802796d]" started-at="2025-08-28T16:08:37 IST" name="runScenario" description="Runs Cucumber Scenarios" data-provider="scenarios" finished-at="2025-08-28T16:08:40 IST" duration-ms="2974" status="PASS">
          <params>
            <param index="0">
              <value>
                <![CDATA["Checking SkillFynder option"]]>
              </value>
            </param>
            <param index="1">
              <value>
                <![CDATA["TechFynder HomePage"]]>
              </value>
            </param>
          </params>
          <reporter-output>
          </reporter-output>
        </test-method> <!-- runScenario -->
        <test-method signature="runScenario(io.cucumber.testng.PickleWrapper,io.cucumber.testng.FeatureWrapper)[pri:0, instance:RunnerFile.TestRunnerfile@4802796d]" started-at="2025-08-28T16:08:40 IST" name="runScenario" description="Runs Cucumber Scenarios" data-provider="scenarios" finished-at="2025-08-28T16:08:49 IST" duration-ms="8266" status="PASS">
          <params>
            <param index="0">
              <value>
                <![CDATA["Checking SkillFynder option"]]>
              </value>
            </param>
            <param index="1">
              <value>
                <![CDATA["TechFynder HomePage"]]>
              </value>
            </param>
          </params>
          <reporter-output>
          </reporter-output>
        </test-method> <!-- runScenario -->
        <test-method is-config="true" signature="tearDownClass()[pri:0, instance:RunnerFile.TestRunnerfile@4802796d]" started-at="2025-08-28T16:08:49 IST" name="tearDownClass" finished-at="2025-08-28T16:08:49 IST" duration-ms="49" status="PASS">
          <reporter-output>
          </reporter-output>
        </test-method> <!-- tearDownClass -->
      </class> <!-- RunnerFile.TestRunnerfile -->
    </test> <!-- Test -->
  </suite> <!-- Suite -->
</testng-results>
