<?xml version="1.0" encoding="UTF-8"?>
<testng-results ignored="0" total="1" passed="1" failed="0" skipped="0">
  <reporter-output>
  </reporter-output>
  <suite started-at="2025-08-27T09:18:52 IST" name="Default suite" finished-at="2025-08-27T09:18:59 IST" duration-ms="7207">
    <groups>
      <group name="cucumber">
        <method signature="AbstractTestNGCucumberTests.runScenario(io.cucumber.testng.PickleWrapper,io.cucumber.testng.FeatureWrapper)[pri:0, instance:RunnerFile.TestRunnerfile@43c1b556]" name="runScenario" class="io.cucumber.testng.AbstractTestNGCucumberTests"/>
      </group> <!-- cucumber -->
    </groups>
    <test started-at="2025-08-27T09:18:52 IST" name="Default test" finished-at="2025-08-27T09:18:59 IST" duration-ms="7207">
      <class name="RunnerFile.TestRunnerfile">
        <test-method is-config="true" signature="setUpClass(org.testng.ITestContext)[pri:0, instance:RunnerFile.TestRunnerfile@43c1b556]" started-at="2025-08-27T09:18:52 IST" name="setUpClass" finished-at="2025-08-27T09:18:52 IST" duration-ms="381" status="PASS">
          <params>
            <param index="0">
              <value>
                <![CDATA[org.testng.TestRunner@77d680e6]]>
              </value>
            </param>
          </params>
          <reporter-output>
          </reporter-output>
        </test-method> <!-- setUpClass -->
        <test-method signature="runScenario(io.cucumber.testng.PickleWrapper,io.cucumber.testng.FeatureWrapper)[pri:0, instance:RunnerFile.TestRunnerfile@43c1b556]" started-at="2025-08-27T09:18:52 IST" name="runScenario" description="Runs Cucumber Scenarios" data-provider="scenarios" finished-at="2025-08-27T09:18:59 IST" duration-ms="6754" status="PASS">
          <params>
            <param index="0">
              <value>
                <![CDATA["Checking SkillFynder option"]]>
              </value>
            </param>
            <param index="1">
              <value>
                <![CDATA["TechFynder HomePage"]]>
              </value>
            </param>
          </params>
          <reporter-output>
          </reporter-output>
        </test-method> <!-- runScenario -->
        <test-method is-config="true" signature="tearDownClass()[pri:0, instance:RunnerFile.TestRunnerfile@43c1b556]" started-at="2025-08-27T09:18:59 IST" name="tearDownClass" finished-at="2025-08-27T09:18:59 IST" duration-ms="43" status="PASS">
          <reporter-output>
          </reporter-output>
        </test-method> <!-- tearDownClass -->
      </class> <!-- RunnerFile.TestRunnerfile -->
    </test> <!-- Default test -->
  </suite> <!-- Default suite -->
</testng-results>
